<?xml version="1.0" encoding="UTF-8"?>
<!-- Generated by org.testng.reporters.JUnitReportReporter -->
<testsuite hostname="DESKTOP-T1OTQ1E" failures="0" tests="1" name="com.facebook.qa.test.SignUpPageTest" time="47.912" errors="0" timestamp="2022-08-17T01:52:50 IST" skipped="0">
  <testcase classname="com.facebook.qa.test.SignUpPageTest" name="createNewAccountTest" time="47.912"/>
  <system-out/>
</testsuite> <!-- com.facebook.qa.test.SignUpPageTest -->
