<?xml version="1.0" encoding="UTF-8"?>
<!-- Generated by org.testng.reporters.JUnitReportReporter -->
<testsuite hostname="DESKTOP-T1OTQ1E" failures="0" tests="2" name="com.facebook.qa.test.LoginPageTest" time="59.966" errors="0" timestamp="2022-08-17T01:52:51 IST" skipped="0">
  <testcase classname="com.facebook.qa.test.LoginPageTest" name="LoginPageTitle" time="19.076"/>
  <system-out/>
  <testcase classname="com.facebook.qa.test.LoginPageTest" name="loginTest" time="40.890"/>
  <system-out/>
</testsuite> <!-- com.facebook.qa.test.LoginPageTest -->
